2005.04.05 11:20 B O:\AG time\time\challenge\images\actor_lg.swf --> www.bmeducation.co.uk /www.ancient-greece.co.uk/test2/time/challenge/images actor_lg.swf
2005.04.05 11:20 B O:\AG time\time\challenge\images\actor_sm.swf --> www.bmeducation.co.uk /www.ancient-greece.co.uk/test2/time/challenge/images actor_sm.swf
2005.04.05 11:20 B O:\AG time\time\challenge\images\athena_lg.swf --> www.bmeducation.co.uk /www.ancient-greece.co.uk/test2/time/challenge/images athena_lg.swf
2005.04.05 11:20 B O:\AG time\time\challenge\images\athena_sm.swf --> www.bmeducation.co.uk /www.ancient-greece.co.uk/test2/time/challenge/images athena_sm.swf
2005.04.05 11:20 B O:\AG time\time\challenge\images\autumnImage1.swf --> www.bmeducation.co.uk /www.ancient-greece.co.uk/test2/time/challenge/images autumnImage1.swf
2005.04.05 11:20 B O:\AG time\time\challenge\images\autumnImage2.swf --> www.bmeducation.co.uk /www.ancient-greece.co.uk/test2/time/challenge/images autumnImage2.swf
2005.04.05 11:20 B O:\AG time\time\challenge\images\autumnImage3.swf --> www.bmeducation.co.uk /www.ancient-greece.co.uk/test2/time/challenge/images autumnImage3.swf
2005.04.05 11:20 B O:\AG time\time\challenge\images\autumnImage4.swf --> www.bmeducation.co.uk /www.ancient-greece.co.uk/test2/time/challenge/images autumnImage4.swf
2005.04.05 11:20 B O:\AG time\time\challenge\images\billhook_lg.swf --> www.bmeducation.co.uk /www.ancient-greece.co.uk/test2/time/challenge/images billhook_lg.swf
2005.04.05 11:20 B O:\AG time\time\challenge\images\billhook_sm.swf --> www.bmeducation.co.uk /www.ancient-greece.co.uk/test2/time/challenge/images billhook_sm.swf
2005.04.05 11:20 B O:\AG time\time\challenge\images\cheese_lg.swf --> www.bmeducation.co.uk /www.ancient-greece.co.uk/test2/time/challenge/images cheese_lg.swf
2005.04.05 11:20 B O:\AG time\time\challenge\images\cheese_sm.swf --> www.bmeducation.co.uk /www.ancient-greece.co.uk/test2/time/challenge/images cheese_sm.swf
2005.04.05 11:20 B O:\AG time\time\challenge\images\chous_lg.swf --> www.bmeducation.co.uk /www.ancient-greece.co.uk/test2/time/challenge/images chous_lg.swf
2005.04.05 11:20 B O:\AG time\time\challenge\images\chous_sm.swf --> www.bmeducation.co.uk /www.ancient-greece.co.uk/test2/time/challenge/images chous_sm.swf
2005.04.05 11:21 B O:\AG time\time\challenge\images\dancing_lg.swf --> www.bmeducation.co.uk /www.ancient-greece.co.uk/test2/time/challenge/images dancing_lg.swf
2005.04.05 11:21 B O:\AG time\time\challenge\images\dancing_sm.swf --> www.bmeducation.co.uk /www.ancient-greece.co.uk/test2/time/challenge/images dancing_sm.swf
2005.04.05 11:21 B O:\AG time\time\challenge\images\figure_lg.swf --> www.bmeducation.co.uk /www.ancient-greece.co.uk/test2/time/challenge/images figure_lg.swf
2005.04.05 11:21 B O:\AG time\time\challenge\images\figure_sm.swf --> www.bmeducation.co.uk /www.ancient-greece.co.uk/test2/time/challenge/images figure_sm.swf
2005.04.05 11:21 B O:\AG time\time\challenge\images\fishhook_lg.swf --> www.bmeducation.co.uk /www.ancient-greece.co.uk/test2/time/challenge/images fishhook_lg.swf
2005.04.05 11:21 B O:\AG time\time\challenge\images\fishhook_sm.swf --> www.bmeducation.co.uk /www.ancient-greece.co.uk/test2/time/challenge/images fishhook_sm.swf
2005.04.05 11:21 B O:\AG time\time\challenge\images\honey_lg.swf --> www.bmeducation.co.uk /www.ancient-greece.co.uk/test2/time/challenge/images honey_lg.swf
2005.04.05 11:21 B O:\AG time\time\challenge\images\honey_sm.swf --> www.bmeducation.co.uk /www.ancient-greece.co.uk/test2/time/challenge/images honey_sm.swf
2005.04.05 11:21 B O:\AG time\time\challenge\images\index.html --> www.bmeducation.co.uk /www.ancient-greece.co.uk/test2/time/challenge/images index.html
2005.04.05 11:21 B O:\AG time\time\challenge\images\myImage2.swf --> www.bmeducation.co.uk /www.ancient-greece.co.uk/test2/time/challenge/images myImage2.swf
2005.04.05 11:21 B O:\AG time\time\challenge\images\olives_lg.swf --> www.bmeducation.co.uk /www.ancient-greece.co.uk/test2/time/challenge/images olives_lg.swf
2005.04.05 11:21 B O:\AG time\time\challenge\images\olives_sm.swf --> www.bmeducation.co.uk /www.ancient-greece.co.uk/test2/time/challenge/images olives_sm.swf
2005.04.05 11:21 B O:\AG time\time\challenge\images\ploughing_lg.swf --> www.bmeducation.co.uk /www.ancient-greece.co.uk/test2/time/challenge/images ploughing_lg.swf
2005.04.05 11:21 B O:\AG time\time\challenge\images\ploughing_sm.swf --> www.bmeducation.co.uk /www.ancient-greece.co.uk/test2/time/challenge/images ploughing_sm.swf
2005.04.05 11:21 B O:\AG time\time\challenge\images\ploughing_sm2.swf --> www.bmeducation.co.uk /www.ancient-greece.co.uk/test2/time/challenge/images ploughing_sm2.swf
2005.04.05 11:21 B O:\AG time\time\challenge\images\satyr_lg.swf --> www.bmeducation.co.uk /www.ancient-greece.co.uk/test2/time/challenge/images satyr_lg.swf
2005.04.05 11:21 B O:\AG time\time\challenge\images\satyr_sm.swf --> www.bmeducation.co.uk /www.ancient-greece.co.uk/test2/time/challenge/images satyr_sm.swf
2005.04.05 11:21 B O:\AG time\time\challenge\images\ship_lg.swf --> www.bmeducation.co.uk /www.ancient-greece.co.uk/test2/time/challenge/images ship_lg.swf
2005.04.05 11:22 B O:\AG time\time\challenge\images\ship_sm.swf --> www.bmeducation.co.uk /www.ancient-greece.co.uk/test2/time/challenge/images ship_sm.swf
2005.04.05 11:22 B O:\AG time\time\challenge\images\sickle_lg.swf --> www.bmeducation.co.uk /www.ancient-greece.co.uk/test2/time/challenge/images sickle_lg.swf
2005.04.05 11:22 B O:\AG time\time\challenge\images\sickle_sm.swf --> www.bmeducation.co.uk /www.ancient-greece.co.uk/test2/time/challenge/images sickle_sm.swf
2005.04.05 11:22 B O:\AG time\time\challenge\images\springImage1.swf --> www.bmeducation.co.uk /www.ancient-greece.co.uk/test2/time/challenge/images springImage1.swf
2005.04.05 11:22 B O:\AG time\time\challenge\images\springImage2.swf --> www.bmeducation.co.uk /www.ancient-greece.co.uk/test2/time/challenge/images springImage2.swf
2005.04.05 11:22 B O:\AG time\time\challenge\images\stung_lg.swf --> www.bmeducation.co.uk /www.ancient-greece.co.uk/test2/time/challenge/images stung_lg.swf
2005.04.05 11:22 B O:\AG time\time\challenge\images\stung_sm.swf --> www.bmeducation.co.uk /www.ancient-greece.co.uk/test2/time/challenge/images stung_sm.swf
2005.04.05 11:22 B O:\AG time\time\challenge\images\summerImage1.swf --> www.bmeducation.co.uk /www.ancient-greece.co.uk/test2/time/challenge/images summerImage1.swf
2005.04.05 11:22 B O:\AG time\time\challenge\images\summerImage2.swf --> www.bmeducation.co.uk /www.ancient-greece.co.uk/test2/time/challenge/images summerImage2.swf
2005.04.05 11:22 B O:\AG time\time\challenge\images\summerImage3.swf --> www.bmeducation.co.uk /www.ancient-greece.co.uk/test2/time/challenge/images summerImage3.swf
2005.04.05 11:22 B O:\AG time\time\challenge\images\summerImage5.swf --> www.bmeducation.co.uk /www.ancient-greece.co.uk/test2/time/challenge/images summerImage5.swf
2005.04.05 11:22 B O:\AG time\time\challenge\images\warrior_lg.swf --> www.bmeducation.co.uk /www.ancient-greece.co.uk/test2/time/challenge/images warrior_lg.swf
2005.04.05 11:22 B O:\AG time\time\challenge\images\warrior_sm.swf --> www.bmeducation.co.uk /www.ancient-greece.co.uk/test2/time/challenge/images warrior_sm.swf
2005.04.05 11:22 B O:\AG time\time\challenge\images\wedding_lg.swf --> www.bmeducation.co.uk /www.ancient-greece.co.uk/test2/time/challenge/images wedding_lg.swf
2005.04.05 11:22 B O:\AG time\time\challenge\images\wedding_sm.swf --> www.bmeducation.co.uk /www.ancient-greece.co.uk/test2/time/challenge/images wedding_sm.swf
2005.04.05 11:22 B O:\AG time\time\challenge\images\winterImage1.swf --> www.bmeducation.co.uk /www.ancient-greece.co.uk/test2/time/challenge/images winterImage1.swf
2005.04.05 11:22 B O:\AG time\time\challenge\images\winterImage2.swf --> www.bmeducation.co.uk /www.ancient-greece.co.uk/test2/time/challenge/images winterImage2.swf
2005.04.05 11:22 B O:\AG time\time\challenge\images\winterImage3.swf --> www.bmeducation.co.uk /www.ancient-greece.co.uk/test2/time/challenge/images winterImage3.swf
